<?xml version="1.0" encoding="UTF-8"?>
<!-- Generated by org.testng.reporters.JUnitXMLReporter -->
<testsuite ignored="0" hostname="Subodhs-MacBook-Pro.local" failures="1" tests="3" name="DummyTest" time="0.067" errors="0" timestamp="2022-01-07T20:55:22 IST">
  <testcase classname="unitTests.ReportTest" name="listenerTest" time="0.024"/>
  <testcase classname="unitTests.ReportTest" name="listenerTest2" time="0.004"/>
  <testcase classname="unitTests.ReportTest" name="listenerTest3" time="0.002">
    <failure type="java.lang.AssertionError" message="expected [false] but found [true]">
      <![CDATA[java.lang.AssertionError: expected [false] but found [true]
at unitTests.ReportTest.listenerTest3(unitTests.ReportTest.java:23)
at java.base/java.util.ArrayList.forEach(ArrayList.java:1541)
at java.base/java.util.concurrent.FutureTask.run(FutureTask.java:264)
at java.base/java.util.concurrent.ThreadPoolExecutor.runWorker(ThreadPoolExecutor.java:1128)
at java.base/java.util.concurrent.ThreadPoolExecutor$Worker.run(ThreadPoolExecutor.java:628)
at java.base/java.lang.Thread.run(Thread.java:829)
... Removed 22 stack frames]]>
    </failure>
  </testcase> <!-- listenerTest3 -->
</testsuite> <!-- DummyTest -->
